==2191== Cachegrind, a cache and branch-prediction profiler
==2191== Copyright (C) 2002-2012, and GNU GPL'd, by Nicholas Nethercote et al.
==2191== Using Valgrind-3.8.1 and LibVEX; rerun with -h for copyright info
==2191== Command: ./Block 1023
==2191== 
--2191-- Warning: Cannot auto-detect cache config, using defaults.
--2191-- Warning: L3 cache found, using its data for the LL simulation.
n = 1023
timeBlock: 422.72
==2191== 
==2191== I   refs:      73,840,865,038
==2191== I1  misses:             1,597
==2191== LLi misses:             1,582
==2191== I1  miss rate:           0.00%
==2191== LLi miss rate:           0.00%
==2191== 
==2191== D   refs:      37,195,403,801  (35,754,810,271 rd   + 1,440,593,530 wr)
==2191== D1  misses:       625,277,906  (   625,025,576 rd   +       252,330 wr)
==2191== LLd misses:           269,278  (        71,822 rd   +       197,456 wr)
==2191== D1  miss rate:            1.6% (           1.7%     +           0.0%  )
==2191== LLd miss rate:            0.0% (           0.0%     +           0.0%  )
==2191== 
==2191== LL refs:          625,279,503  (   625,027,173 rd   +       252,330 wr)
==2191== LL misses:            270,860  (        73,404 rd   +       197,456 wr)
==2191== LL miss rate:             0.0% (           0.0%     +           0.0%  )
==2222== Cachegrind, a cache and branch-prediction profiler
==2222== Copyright (C) 2002-2012, and GNU GPL'd, by Nicholas Nethercote et al.
==2222== Using Valgrind-3.8.1 and LibVEX; rerun with -h for copyright info
==2222== Command: ./Block 1024
==2222== 
--2222-- Warning: Cannot auto-detect cache config, using defaults.
--2222-- Warning: L3 cache found, using its data for the LL simulation.
n = 1024
timeBlock: 427.14
==2222== 
==2222== I   refs:      74,054,354,835
==2222== I1  misses:             1,598
==2222== LLi misses:             1,583
==2222== I1  miss rate:           0.00%
==2222== LLi miss rate:           0.00%
==2222== 
==2222== D   refs:      37,302,674,175  (35,858,227,293 rd   + 1,444,446,882 wr)
==2222== D1  misses:     1,102,923,033  ( 1,102,632,788 rd   +       290,245 wr)
==2222== LLd misses:           269,790  (        71,950 rd   +       197,840 wr)
==2222== D1  miss rate:            2.9% (           3.0%     +           0.0%  )
==2222== LLd miss rate:            0.0% (           0.0%     +           0.0%  )
==2222== 
==2222== LL refs:        1,102,924,631  ( 1,102,634,386 rd   +       290,245 wr)
==2222== LL misses:            271,373  (        73,533 rd   +       197,840 wr)
==2222== LL miss rate:             0.0% (           0.0%     +           0.0%  )
==2233== Cachegrind, a cache and branch-prediction profiler
==2233== Copyright (C) 2002-2012, and GNU GPL'd, by Nicholas Nethercote et al.
==2233== Using Valgrind-3.8.1 and LibVEX; rerun with -h for copyright info
==2233== Command: ./Block 1025
==2233== 
--2233-- Warning: Cannot auto-detect cache config, using defaults.
--2233-- Warning: L3 cache found, using its data for the LL simulation.
n = 1025
timeBlock: 420.07
==2233== 
==2233== I   refs:      74,268,255,867
==2233== I1  misses:             1,598
==2233== LLi misses:             1,583
==2233== I1  miss rate:           0.00%
==2233== LLi miss rate:           0.00%
==2233== 
==2233== D   refs:      37,410,150,680  (35,961,843,634 rd   + 1,448,307,046 wr)
==2233== D1  misses:       642,442,009  (   642,144,485 rd   +       297,524 wr)
==2233== LLd misses:           270,302  (        72,078 rd   +       198,224 wr)
==2233== D1  miss rate:            1.7% (           1.7%     +           0.0%  )
==2233== LLd miss rate:            0.0% (           0.0%     +           0.0%  )
==2233== 
==2233== LL refs:          642,443,607  (   642,146,083 rd   +       297,524 wr)
==2233== LL misses:            271,885  (        73,661 rd   +       198,224 wr)
==2233== LL miss rate:             0.0% (           0.0%     +           0.0%  )
==2240== Cachegrind, a cache and branch-prediction profiler
==2240== Copyright (C) 2002-2012, and GNU GPL'd, by Nicholas Nethercote et al.
==2240== Using Valgrind-3.8.1 and LibVEX; rerun with -h for copyright info
==2240== Command: ./Block 1040
==2240== 
--2240-- Warning: Cannot auto-detect cache config, using defaults.
--2240-- Warning: L3 cache found, using its data for the LL simulation.
n = 1040
timeBlock: 435.06
==2240== 
==2240== I   refs:      77,549,202,645
==2240== I1  misses:             1,597
==2240== LLi misses:             1,582
==2240== I1  miss rate:           0.00%
==2240== LLi miss rate:           0.00%
==2240== 
==2240== D   refs:      39,060,385,506  (37,552,023,252 rd   + 1,508,362,254 wr)
==2240== D1  misses:        24,141,461  (    23,936,037 rd   +       205,424 wr)
==2240== LLd misses:           278,046  (        74,014 rd   +       204,032 wr)
==2240== D1  miss rate:            0.0% (           0.0%     +           0.0%  )
==2240== LLd miss rate:            0.0% (           0.0%     +           0.0%  )
==2240== 
==2240== LL refs:           24,143,058  (    23,937,634 rd   +       205,424 wr)
==2240== LL misses:            279,628  (        75,596 rd   +       204,032 wr)
==2240== LL miss rate:             0.0% (           0.0%     +           0.0%  )
==2290== Cachegrind, a cache and branch-prediction profiler
==2290== Copyright (C) 2002-2012, and GNU GPL'd, by Nicholas Nethercote et al.
==2290== Using Valgrind-3.8.1 and LibVEX; rerun with -h for copyright info
==2290== Command: ./Block 1041
==2290== 
--2290-- Warning: Cannot auto-detect cache config, using defaults.
--2290-- Warning: L3 cache found, using its data for the LL simulation.
n = 1041
timeBlock: 433.18
==2290== 
==2290== I   refs:      77,793,846,486
==2290== I1  misses:             1,597
==2290== LLi misses:             1,582
==2290== I1  miss rate:           0.00%
==2290== LLi miss rate:           0.00%
==2290== 
==2290== D   refs:      39,185,181,069  (37,671,512,069 rd   + 1,513,669,000 wr)
==2290== D1  misses:        25,219,699  (    25,013,961 rd   +       205,738 wr)
==2290== LLd misses:           278,566  (        74,144 rd   +       204,422 wr)
==2290== D1  miss rate:            0.0% (           0.0%     +           0.0%  )
==2290== LLd miss rate:            0.0% (           0.0%     +           0.0%  )
==2290== 
==2290== LL refs:           25,221,296  (    25,015,558 rd   +       205,738 wr)
==2290== LL misses:            280,148  (        75,726 rd   +       204,422 wr)
==2290== LL miss rate:             0.0% (           0.0%     +           0.0%  )
==2302== Cachegrind, a cache and branch-prediction profiler
==2302== Copyright (C) 2002-2012, and GNU GPL'd, by Nicholas Nethercote et al.
==2302== Using Valgrind-3.8.1 and LibVEX; rerun with -h for copyright info
==2302== Command: ./Block 1050
==2302== 
--2302-- Warning: Cannot auto-detect cache config, using defaults.
--2302-- Warning: L3 cache found, using its data for the LL simulation.
n = 1050
timeBlock: 445.11
==2302== 
==2302== I   refs:      79,797,683,216
==2302== I1  misses:             1,598
==2302== LLi misses:             1,583
==2302== I1  miss rate:           0.00%
==2302== LLi miss rate:           0.00%
==2302== 
==2302== D   refs:      40,191,927,959  (38,642,172,905 rd   + 1,549,755,054 wr)
==2302== D1  misses:        24,838,957  (    24,629,735 rd   +       209,222 wr)
==2302== LLd misses:           283,270  (        75,320 rd   +       207,950 wr)
==2302== D1  miss rate:            0.0% (           0.0%     +           0.0%  )
==2302== LLd miss rate:            0.0% (           0.0%     +           0.0%  )
==2302== 
==2302== LL refs:           24,840,555  (    24,631,333 rd   +       209,222 wr)
==2302== LL misses:            284,853  (        76,903 rd   +       207,950 wr)
==2302== LL miss rate:             0.0% (           0.0%     +           0.0%  )
==2313== Cachegrind, a cache and branch-prediction profiler
==2313== Copyright (C) 2002-2012, and GNU GPL'd, by Nicholas Nethercote et al.
==2313== Using Valgrind-3.8.1 and LibVEX; rerun with -h for copyright info
==2313== Command: ./Block 1100
==2313== 
--2313-- Warning: Cannot auto-detect cache config, using defaults.
--2313-- Warning: L3 cache found, using its data for the LL simulation.
n = 1100
timeBlock: 504.78
==2313== 
==2313== I   refs:      91,693,958,394
==2313== I1  misses:             1,598
==2313== LLi misses:             1,583
==2313== I1  miss rate:           0.00%
==2313== LLi miss rate:           0.00%
==2313== 
==2313== D   refs:      46,178,408,183  (44,410,339,813 rd   + 1,768,068,370 wr)
==2313== D1  misses:        28,547,958  (    28,318,704 rd   +       229,254 wr)
==2313== LLd misses:           310,146  (        82,039 rd   +       228,107 wr)
==2313== D1  miss rate:            0.0% (           0.0%     +           0.0%  )
==2313== LLd miss rate:            0.0% (           0.0%     +           0.0%  )
==2313== 
==2313== LL refs:           28,549,556  (    28,320,302 rd   +       229,254 wr)
==2313== LL misses:            311,729  (        83,622 rd   +       228,107 wr)
==2313== LL miss rate:             0.0% (           0.0%     +           0.0%  )
